[0.483s] Invoking command in '/home/berkay/ros2_ws/src/simple_py_pkg': PYTHONPATH=/home/berkay/ros2_ws/build/simple_py_pkg/prefix_override:/usr/lib/python3/dist-packages/colcon_core/task/python/colcon_distutils_commands:/home/berkay/ros2_ws/install/simple_py_pkg/lib/python3.10/site-packages:${PYTHONPATH} /usr/bin/python3 -W ignore:setup.py install is deprecated -W ignore:easy_install command is deprecated setup.py egg_info --egg-base ../../build/simple_py_pkg build --build-base /home/berkay/ros2_ws/build/simple_py_pkg/build install --record /home/berkay/ros2_ws/build/simple_py_pkg/install.log --single-version-externally-managed install_data
[0.662s] running egg_info
[0.663s] writing ../../build/simple_py_pkg/simple_py_pkg.egg-info/PKG-INFO
[0.663s] writing dependency_links to ../../build/simple_py_pkg/simple_py_pkg.egg-info/dependency_links.txt
[0.663s] writing entry points to ../../build/simple_py_pkg/simple_py_pkg.egg-info/entry_points.txt
[0.663s] writing requirements to ../../build/simple_py_pkg/simple_py_pkg.egg-info/requires.txt
[0.663s] writing top-level names to ../../build/simple_py_pkg/simple_py_pkg.egg-info/top_level.txt
[0.665s] reading manifest file '../../build/simple_py_pkg/simple_py_pkg.egg-info/SOURCES.txt'
[0.669s] writing manifest file '../../build/simple_py_pkg/simple_py_pkg.egg-info/SOURCES.txt'
[0.669s] running build
[0.669s] running build_py
[0.669s] copying simple_py_pkg/simple_py_node.py -> /home/berkay/ros2_ws/build/simple_py_pkg/build/lib/simple_py_pkg
[0.670s] running install
[0.670s] running install_lib
[0.670s] copying /home/berkay/ros2_ws/build/simple_py_pkg/build/lib/simple_py_pkg/simple_py_node.py -> /home/berkay/ros2_ws/install/simple_py_pkg/lib/python3.10/site-packages/simple_py_pkg
[0.671s] byte-compiling /home/berkay/ros2_ws/install/simple_py_pkg/lib/python3.10/site-packages/simple_py_pkg/simple_py_node.py to simple_py_node.cpython-310.pyc
[0.671s] running install_data
[0.671s] running install_egg_info
[0.672s] removing '/home/berkay/ros2_ws/install/simple_py_pkg/lib/python3.10/site-packages/simple_py_pkg-0.0.0-py3.10.egg-info' (and everything under it)
[0.673s] Copying ../../build/simple_py_pkg/simple_py_pkg.egg-info to /home/berkay/ros2_ws/install/simple_py_pkg/lib/python3.10/site-packages/simple_py_pkg-0.0.0-py3.10.egg-info
[0.674s] running install_scripts
[0.689s] Installing py_node = simple_py_pkg.simple_py_node:maintalker script to /home/berkay/ros2_ws/install/simple_py_pkg/lib/simple_py_pkg
[0.690s] writing list of installed files to '/home/berkay/ros2_ws/build/simple_py_pkg/install.log'
[0.707s] Invoked command in '/home/berkay/ros2_ws/src/simple_py_pkg' returned '0': PYTHONPATH=/home/berkay/ros2_ws/build/simple_py_pkg/prefix_override:/usr/lib/python3/dist-packages/colcon_core/task/python/colcon_distutils_commands:/home/berkay/ros2_ws/install/simple_py_pkg/lib/python3.10/site-packages:${PYTHONPATH} /usr/bin/python3 -W ignore:setup.py install is deprecated -W ignore:easy_install command is deprecated setup.py egg_info --egg-base ../../build/simple_py_pkg build --build-base /home/berkay/ros2_ws/build/simple_py_pkg/build install --record /home/berkay/ros2_ws/build/simple_py_pkg/install.log --single-version-externally-managed install_data
