running develop
Removing /home/berkay/ros2_ws/install/simple_py_pkg/lib/python3.10/site-packages/simple-py-pkg.egg-link (link to .)
running egg_info
writing ../../build/simple_py_pkg/simple_py_pkg.egg-info/PKG-INFO
writing dependency_links to ../../build/simple_py_pkg/simple_py_pkg.egg-info/dependency_links.txt
writing entry points to ../../build/simple_py_pkg/simple_py_pkg.egg-info/entry_points.txt
writing requirements to ../../build/simple_py_pkg/simple_py_pkg.egg-info/requires.txt
writing top-level names to ../../build/simple_py_pkg/simple_py_pkg.egg-info/top_level.txt
reading manifest file '../../build/simple_py_pkg/simple_py_pkg.egg-info/SOURCES.txt'
writing manifest file '../../build/simple_py_pkg/simple_py_pkg.egg-info/SOURCES.txt'
running build
running build_py
copying simple_py_pkg/television.py -> /home/berkay/ros2_ws/build/simple_py_pkg/build/lib/simple_py_pkg
copying simple_py_pkg/template_node.py -> /home/berkay/ros2_ws/build/simple_py_pkg/build/lib/simple_py_pkg
copying simple_py_pkg/counter_node.py -> /home/berkay/ros2_ws/build/simple_py_pkg/build/lib/simple_py_pkg
running install
running install_lib
creating /home/berkay/ros2_ws/install/simple_py_pkg/lib/python3.10/site-packages/simple_py_pkg
copying /home/berkay/ros2_ws/build/simple_py_pkg/build/lib/simple_py_pkg/simple_py_node.py -> /home/berkay/ros2_ws/install/simple_py_pkg/lib/python3.10/site-packages/simple_py_pkg
copying /home/berkay/ros2_ws/build/simple_py_pkg/build/lib/simple_py_pkg/television.py -> /home/berkay/ros2_ws/install/simple_py_pkg/lib/python3.10/site-packages/simple_py_pkg
copying /home/berkay/ros2_ws/build/simple_py_pkg/build/lib/simple_py_pkg/template_node.py -> /home/berkay/ros2_ws/install/simple_py_pkg/lib/python3.10/site-packages/simple_py_pkg
copying /home/berkay/ros2_ws/build/simple_py_pkg/build/lib/simple_py_pkg/__init__.py -> /home/berkay/ros2_ws/install/simple_py_pkg/lib/python3.10/site-packages/simple_py_pkg
copying /home/berkay/ros2_ws/build/simple_py_pkg/build/lib/simple_py_pkg/counter_node.py -> /home/berkay/ros2_ws/install/simple_py_pkg/lib/python3.10/site-packages/simple_py_pkg
copying /home/berkay/ros2_ws/build/simple_py_pkg/build/lib/simple_py_pkg/talker.py -> /home/berkay/ros2_ws/install/simple_py_pkg/lib/python3.10/site-packages/simple_py_pkg
byte-compiling /home/berkay/ros2_ws/install/simple_py_pkg/lib/python3.10/site-packages/simple_py_pkg/simple_py_node.py to simple_py_node.cpython-310.pyc
byte-compiling /home/berkay/ros2_ws/install/simple_py_pkg/lib/python3.10/site-packages/simple_py_pkg/television.py to television.cpython-310.pyc
byte-compiling /home/berkay/ros2_ws/install/simple_py_pkg/lib/python3.10/site-packages/simple_py_pkg/template_node.py to template_node.cpython-310.pyc
byte-compiling /home/berkay/ros2_ws/install/simple_py_pkg/lib/python3.10/site-packages/simple_py_pkg/__init__.py to __init__.cpython-310.pyc
byte-compiling /home/berkay/ros2_ws/install/simple_py_pkg/lib/python3.10/site-packages/simple_py_pkg/counter_node.py to counter_node.cpython-310.pyc
byte-compiling /home/berkay/ros2_ws/install/simple_py_pkg/lib/python3.10/site-packages/simple_py_pkg/talker.py to talker.cpython-310.pyc
running install_data
copying resource/simple_py_pkg -> /home/berkay/ros2_ws/install/simple_py_pkg/share/ament_index/resource_index/packages
copying package.xml -> /home/berkay/ros2_ws/install/simple_py_pkg/share/simple_py_pkg
running install_egg_info
Copying ../../build/simple_py_pkg/simple_py_pkg.egg-info to /home/berkay/ros2_ws/install/simple_py_pkg/lib/python3.10/site-packages/simple_py_pkg-0.0.0-py3.10.egg-info
running install_scripts
Installing channel_node script to /home/berkay/ros2_ws/install/simple_py_pkg/lib/simple_py_pkg
Installing counter_node script to /home/berkay/ros2_ws/install/simple_py_pkg/lib/simple_py_pkg
Installing py_node script to /home/berkay/ros2_ws/install/simple_py_pkg/lib/simple_py_pkg
Installing talker script to /home/berkay/ros2_ws/install/simple_py_pkg/lib/simple_py_pkg
writing list of installed files to '/home/berkay/ros2_ws/build/simple_py_pkg/install.log'
