[0.433s] Invoking command in '/home/berkay/ros2_ws/src/simple_py_pkg': PYTHONPATH=/home/berkay/ros2_ws/build/simple_py_pkg/prefix_override:/usr/lib/python3/dist-packages/colcon_core/task/python/colcon_distutils_commands:/home/berkay/ros2_ws/install/simple_py_pkg/lib/python3.10/site-packages:${PYTHONPATH} /usr/bin/python3 -W ignore:setup.py install is deprecated -W ignore:easy_install command is deprecated setup.py egg_info --egg-base ../../build/simple_py_pkg build --build-base /home/berkay/ros2_ws/build/simple_py_pkg/build install --record /home/berkay/ros2_ws/build/simple_py_pkg/install.log --single-version-externally-managed install_data
[0.602s] running egg_info
[0.602s] writing ../../build/simple_py_pkg/simple_py_pkg.egg-info/PKG-INFO
[0.602s] writing dependency_links to ../../build/simple_py_pkg/simple_py_pkg.egg-info/dependency_links.txt
[0.602s] writing entry points to ../../build/simple_py_pkg/simple_py_pkg.egg-info/entry_points.txt
[0.603s] writing requirements to ../../build/simple_py_pkg/simple_py_pkg.egg-info/requires.txt
[0.603s] writing top-level names to ../../build/simple_py_pkg/simple_py_pkg.egg-info/top_level.txt
[0.604s] reading manifest file '../../build/simple_py_pkg/simple_py_pkg.egg-info/SOURCES.txt'
[0.605s] writing manifest file '../../build/simple_py_pkg/simple_py_pkg.egg-info/SOURCES.txt'
[0.605s] running build
[0.605s] running build_py
[0.605s] copying simple_py_pkg/template_node.py -> /home/berkay/ros2_ws/build/simple_py_pkg/build/lib/simple_py_pkg
[0.605s] running install
[0.605s] running install_lib
[0.606s] copying /home/berkay/ros2_ws/build/simple_py_pkg/build/lib/simple_py_pkg/template_node.py -> /home/berkay/ros2_ws/install/simple_py_pkg/lib/python3.10/site-packages/simple_py_pkg
[0.606s] byte-compiling /home/berkay/ros2_ws/install/simple_py_pkg/lib/python3.10/site-packages/simple_py_pkg/template_node.py to template_node.cpython-310.pyc
[0.607s] running install_data
[0.607s] running install_egg_info
[0.608s] removing '/home/berkay/ros2_ws/install/simple_py_pkg/lib/python3.10/site-packages/simple_py_pkg-0.0.0-py3.10.egg-info' (and everything under it)
[0.608s] Copying ../../build/simple_py_pkg/simple_py_pkg.egg-info to /home/berkay/ros2_ws/install/simple_py_pkg/lib/python3.10/site-packages/simple_py_pkg-0.0.0-py3.10.egg-info
[0.609s] running install_scripts
[0.624s] Installing counter_node script to /home/berkay/ros2_ws/install/simple_py_pkg/lib/simple_py_pkg
[0.624s] Installing py_node script to /home/berkay/ros2_ws/install/simple_py_pkg/lib/simple_py_pkg
[0.624s] Installing talker script to /home/berkay/ros2_ws/install/simple_py_pkg/lib/simple_py_pkg
[0.625s] writing list of installed files to '/home/berkay/ros2_ws/build/simple_py_pkg/install.log'
[0.643s] Invoked command in '/home/berkay/ros2_ws/src/simple_py_pkg' returned '0': PYTHONPATH=/home/berkay/ros2_ws/build/simple_py_pkg/prefix_override:/usr/lib/python3/dist-packages/colcon_core/task/python/colcon_distutils_commands:/home/berkay/ros2_ws/install/simple_py_pkg/lib/python3.10/site-packages:${PYTHONPATH} /usr/bin/python3 -W ignore:setup.py install is deprecated -W ignore:easy_install command is deprecated setup.py egg_info --egg-base ../../build/simple_py_pkg build --build-base /home/berkay/ros2_ws/build/simple_py_pkg/build install --record /home/berkay/ros2_ws/build/simple_py_pkg/install.log --single-version-externally-managed install_data
