[0.465s] Invoking command in '/home/berkay/ros2_ws/build/simple_py_pkg': PYTHONPATH=/home/berkay/ros2_ws/build/simple_py_pkg/prefix_override:/usr/lib/python3/dist-packages/colcon_core/task/python/colcon_distutils_commands:/home/berkay/ros2_ws/install/simple_py_pkg/lib/python3.10/site-packages:${PYTHONPATH} /usr/bin/python3 -W ignore:setup.py install is deprecated -W ignore:easy_install command is deprecated setup.py develop --editable --build-directory /home/berkay/ros2_ws/build/simple_py_pkg/build --no-deps symlink_data
[0.658s] running develop
[0.771s] running egg_info
[0.771s] writing simple_py_pkg.egg-info/PKG-INFO
[0.771s] writing dependency_links to simple_py_pkg.egg-info/dependency_links.txt
[0.771s] writing entry points to simple_py_pkg.egg-info/entry_points.txt
[0.771s] writing requirements to simple_py_pkg.egg-info/requires.txt
[0.771s] writing top-level names to simple_py_pkg.egg-info/top_level.txt
[0.773s] reading manifest file 'simple_py_pkg.egg-info/SOURCES.txt'
[0.774s] writing manifest file 'simple_py_pkg.egg-info/SOURCES.txt'
[0.775s] running build_ext
[0.775s] Creating /home/berkay/ros2_ws/install/simple_py_pkg/lib/python3.10/site-packages/simple-py-pkg.egg-link (link to .)
[0.775s] Installing channel_node script to /home/berkay/ros2_ws/install/simple_py_pkg/lib/simple_py_pkg
[0.776s] Installing counter_node script to /home/berkay/ros2_ws/install/simple_py_pkg/lib/simple_py_pkg
[0.776s] Installing publisher_node script to /home/berkay/ros2_ws/install/simple_py_pkg/lib/simple_py_pkg
[0.776s] Installing py_node script to /home/berkay/ros2_ws/install/simple_py_pkg/lib/simple_py_pkg
[0.776s] Installing remote_controller_node script to /home/berkay/ros2_ws/install/simple_py_pkg/lib/simple_py_pkg
[0.776s] Installing talker script to /home/berkay/ros2_ws/install/simple_py_pkg/lib/simple_py_pkg
[0.776s] 
[0.776s] Installed /home/berkay/ros2_ws/build/simple_py_pkg
[0.776s] running symlink_data
[0.800s] Invoked command in '/home/berkay/ros2_ws/build/simple_py_pkg' returned '0': PYTHONPATH=/home/berkay/ros2_ws/build/simple_py_pkg/prefix_override:/usr/lib/python3/dist-packages/colcon_core/task/python/colcon_distutils_commands:/home/berkay/ros2_ws/install/simple_py_pkg/lib/python3.10/site-packages:${PYTHONPATH} /usr/bin/python3 -W ignore:setup.py install is deprecated -W ignore:easy_install command is deprecated setup.py develop --editable --build-directory /home/berkay/ros2_ws/build/simple_py_pkg/build --no-deps symlink_data
