[0.443s] Invoking command in '/home/berkay/ros2_ws/build/simple_py_pkg': PYTHONPATH=/home/berkay/ros2_ws/build/simple_py_pkg/prefix_override:/usr/lib/python3/dist-packages/colcon_core/task/python/colcon_distutils_commands:/home/berkay/ros2_ws/install/simple_py_pkg/lib/python3.10/site-packages:${PYTHONPATH} /usr/bin/python3 -W ignore:setup.py install is deprecated -W ignore:easy_install command is deprecated setup.py develop --uninstall --editable --build-directory /home/berkay/ros2_ws/build/simple_py_pkg/build
[0.630s] running develop
[0.747s] Removing /home/berkay/ros2_ws/install/simple_py_pkg/lib/python3.10/site-packages/simple-py-pkg.egg-link (link to .)
[0.767s] Invoked command in '/home/berkay/ros2_ws/build/simple_py_pkg' returned '0': PYTHONPATH=/home/berkay/ros2_ws/build/simple_py_pkg/prefix_override:/usr/lib/python3/dist-packages/colcon_core/task/python/colcon_distutils_commands:/home/berkay/ros2_ws/install/simple_py_pkg/lib/python3.10/site-packages:${PYTHONPATH} /usr/bin/python3 -W ignore:setup.py install is deprecated -W ignore:easy_install command is deprecated setup.py develop --uninstall --editable --build-directory /home/berkay/ros2_ws/build/simple_py_pkg/build
[0.769s] Invoking command in '/home/berkay/ros2_ws/src/simple_py_pkg': PYTHONPATH=/home/berkay/ros2_ws/build/simple_py_pkg/prefix_override:/usr/lib/python3/dist-packages/colcon_core/task/python/colcon_distutils_commands:/home/berkay/ros2_ws/install/simple_py_pkg/lib/python3.10/site-packages:${PYTHONPATH} /usr/bin/python3 -W ignore:setup.py install is deprecated -W ignore:easy_install command is deprecated setup.py egg_info --egg-base ../../build/simple_py_pkg build --build-base /home/berkay/ros2_ws/build/simple_py_pkg/build install --record /home/berkay/ros2_ws/build/simple_py_pkg/install.log --single-version-externally-managed install_data --force
[0.943s] running egg_info
[0.943s] writing ../../build/simple_py_pkg/simple_py_pkg.egg-info/PKG-INFO
[0.943s] writing dependency_links to ../../build/simple_py_pkg/simple_py_pkg.egg-info/dependency_links.txt
[0.943s] writing entry points to ../../build/simple_py_pkg/simple_py_pkg.egg-info/entry_points.txt
[0.943s] writing requirements to ../../build/simple_py_pkg/simple_py_pkg.egg-info/requires.txt
[0.943s] writing top-level names to ../../build/simple_py_pkg/simple_py_pkg.egg-info/top_level.txt
[0.945s] reading manifest file '../../build/simple_py_pkg/simple_py_pkg.egg-info/SOURCES.txt'
[0.945s] writing manifest file '../../build/simple_py_pkg/simple_py_pkg.egg-info/SOURCES.txt'
[0.945s] running build
[0.946s] running build_py
[0.946s] copying simple_py_pkg/television.py -> /home/berkay/ros2_ws/build/simple_py_pkg/build/lib/simple_py_pkg
[0.946s] copying simple_py_pkg/counter_node.py -> /home/berkay/ros2_ws/build/simple_py_pkg/build/lib/simple_py_pkg
[0.946s] copying simple_py_pkg/publisher_node.py -> /home/berkay/ros2_ws/build/simple_py_pkg/build/lib/simple_py_pkg
[0.946s] running install
[0.946s] running install_lib
[0.947s] creating /home/berkay/ros2_ws/install/simple_py_pkg/lib/python3.10/site-packages/simple_py_pkg
[0.947s] copying /home/berkay/ros2_ws/build/simple_py_pkg/build/lib/simple_py_pkg/simple_py_node.py -> /home/berkay/ros2_ws/install/simple_py_pkg/lib/python3.10/site-packages/simple_py_pkg
[0.947s] copying /home/berkay/ros2_ws/build/simple_py_pkg/build/lib/simple_py_pkg/television.py -> /home/berkay/ros2_ws/install/simple_py_pkg/lib/python3.10/site-packages/simple_py_pkg
[0.947s] copying /home/berkay/ros2_ws/build/simple_py_pkg/build/lib/simple_py_pkg/template_node.py -> /home/berkay/ros2_ws/install/simple_py_pkg/lib/python3.10/site-packages/simple_py_pkg
[0.947s] copying /home/berkay/ros2_ws/build/simple_py_pkg/build/lib/simple_py_pkg/__init__.py -> /home/berkay/ros2_ws/install/simple_py_pkg/lib/python3.10/site-packages/simple_py_pkg
[0.947s] copying /home/berkay/ros2_ws/build/simple_py_pkg/build/lib/simple_py_pkg/counter_node.py -> /home/berkay/ros2_ws/install/simple_py_pkg/lib/python3.10/site-packages/simple_py_pkg
[0.947s] copying /home/berkay/ros2_ws/build/simple_py_pkg/build/lib/simple_py_pkg/publisher_node.py -> /home/berkay/ros2_ws/install/simple_py_pkg/lib/python3.10/site-packages/simple_py_pkg
[0.947s] copying /home/berkay/ros2_ws/build/simple_py_pkg/build/lib/simple_py_pkg/talker.py -> /home/berkay/ros2_ws/install/simple_py_pkg/lib/python3.10/site-packages/simple_py_pkg
[0.948s] byte-compiling /home/berkay/ros2_ws/install/simple_py_pkg/lib/python3.10/site-packages/simple_py_pkg/simple_py_node.py to simple_py_node.cpython-310.pyc
[0.948s] byte-compiling /home/berkay/ros2_ws/install/simple_py_pkg/lib/python3.10/site-packages/simple_py_pkg/television.py to television.cpython-310.pyc
[0.948s] byte-compiling /home/berkay/ros2_ws/install/simple_py_pkg/lib/python3.10/site-packages/simple_py_pkg/template_node.py to template_node.cpython-310.pyc
[0.949s] byte-compiling /home/berkay/ros2_ws/install/simple_py_pkg/lib/python3.10/site-packages/simple_py_pkg/__init__.py to __init__.cpython-310.pyc
[0.949s] byte-compiling /home/berkay/ros2_ws/install/simple_py_pkg/lib/python3.10/site-packages/simple_py_pkg/counter_node.py to counter_node.cpython-310.pyc
[0.949s] byte-compiling /home/berkay/ros2_ws/install/simple_py_pkg/lib/python3.10/site-packages/simple_py_pkg/publisher_node.py to publisher_node.cpython-310.pyc
[0.949s] byte-compiling /home/berkay/ros2_ws/install/simple_py_pkg/lib/python3.10/site-packages/simple_py_pkg/talker.py to talker.cpython-310.pyc
[0.950s] running install_data
[0.950s] copying resource/simple_py_pkg -> /home/berkay/ros2_ws/install/simple_py_pkg/share/ament_index/resource_index/packages
[0.950s] copying package.xml -> /home/berkay/ros2_ws/install/simple_py_pkg/share/simple_py_pkg
[0.950s] running install_egg_info
[0.951s] Copying ../../build/simple_py_pkg/simple_py_pkg.egg-info to /home/berkay/ros2_ws/install/simple_py_pkg/lib/python3.10/site-packages/simple_py_pkg-0.0.0-py3.10.egg-info
[0.952s] running install_scripts
[0.967s] Installing channel_node script to /home/berkay/ros2_ws/install/simple_py_pkg/lib/simple_py_pkg
[0.968s] Installing counter_node script to /home/berkay/ros2_ws/install/simple_py_pkg/lib/simple_py_pkg
[0.968s] Installing publisher_node script to /home/berkay/ros2_ws/install/simple_py_pkg/lib/simple_py_pkg
[0.968s] Installing py_node script to /home/berkay/ros2_ws/install/simple_py_pkg/lib/simple_py_pkg
[0.968s] Installing talker script to /home/berkay/ros2_ws/install/simple_py_pkg/lib/simple_py_pkg
[0.968s] writing list of installed files to '/home/berkay/ros2_ws/build/simple_py_pkg/install.log'
[0.985s] Invoked command in '/home/berkay/ros2_ws/src/simple_py_pkg' returned '0': PYTHONPATH=/home/berkay/ros2_ws/build/simple_py_pkg/prefix_override:/usr/lib/python3/dist-packages/colcon_core/task/python/colcon_distutils_commands:/home/berkay/ros2_ws/install/simple_py_pkg/lib/python3.10/site-packages:${PYTHONPATH} /usr/bin/python3 -W ignore:setup.py install is deprecated -W ignore:easy_install command is deprecated setup.py egg_info --egg-base ../../build/simple_py_pkg build --build-base /home/berkay/ros2_ws/build/simple_py_pkg/build install --record /home/berkay/ros2_ws/build/simple_py_pkg/install.log --single-version-externally-managed install_data --force
