[0.484s] Invoking command in '/home/berkay/ros2_ws/build/simple_py_pkg': PYTHONPATH=/home/berkay/ros2_ws/build/simple_py_pkg/prefix_override:/usr/lib/python3/dist-packages/colcon_core/task/python/colcon_distutils_commands:/home/berkay/ros2_ws/install/simple_py_pkg/lib/python3.10/site-packages:${PYTHONPATH} /usr/bin/python3 -W ignore:setup.py install is deprecated -W ignore:easy_install command is deprecated setup.py develop --editable --build-directory /home/berkay/ros2_ws/build/simple_py_pkg/build --no-deps symlink_data
[0.687s] running develop
[0.807s] running egg_info
[0.807s] writing simple_py_pkg.egg-info/PKG-INFO
[0.807s] writing dependency_links to simple_py_pkg.egg-info/dependency_links.txt
[0.807s] writing entry points to simple_py_pkg.egg-info/entry_points.txt
[0.808s] writing requirements to simple_py_pkg.egg-info/requires.txt
[0.808s] writing top-level names to simple_py_pkg.egg-info/top_level.txt
[0.809s] reading manifest file 'simple_py_pkg.egg-info/SOURCES.txt'
[0.813s] writing manifest file 'simple_py_pkg.egg-info/SOURCES.txt'
[0.814s] running build_ext
[0.814s] Creating /home/berkay/ros2_ws/install/simple_py_pkg/lib/python3.10/site-packages/simple-py-pkg.egg-link (link to .)
[0.815s] Installing channel_node script to /home/berkay/ros2_ws/install/simple_py_pkg/lib/simple_py_pkg
[0.815s] Installing counter_node script to /home/berkay/ros2_ws/install/simple_py_pkg/lib/simple_py_pkg
[0.815s] Installing py_node script to /home/berkay/ros2_ws/install/simple_py_pkg/lib/simple_py_pkg
[0.815s] Installing talker script to /home/berkay/ros2_ws/install/simple_py_pkg/lib/simple_py_pkg
[0.815s] 
[0.816s] Installed /home/berkay/ros2_ws/build/simple_py_pkg
[0.816s] running symlink_data
[0.845s] Invoked command in '/home/berkay/ros2_ws/build/simple_py_pkg' returned '0': PYTHONPATH=/home/berkay/ros2_ws/build/simple_py_pkg/prefix_override:/usr/lib/python3/dist-packages/colcon_core/task/python/colcon_distutils_commands:/home/berkay/ros2_ws/install/simple_py_pkg/lib/python3.10/site-packages:${PYTHONPATH} /usr/bin/python3 -W ignore:setup.py install is deprecated -W ignore:easy_install command is deprecated setup.py develop --editable --build-directory /home/berkay/ros2_ws/build/simple_py_pkg/build --no-deps symlink_data
