[0.430s] Invoking command in '/home/berkay/ros2_ws/src/simple_py_pkg': PYTHONPATH=/home/berkay/ros2_ws/build/simple_py_pkg/prefix_override:/usr/lib/python3/dist-packages/colcon_core/task/python/colcon_distutils_commands:/home/berkay/ros2_ws/install/simple_py_pkg/lib/python3.10/site-packages:${PYTHONPATH} /usr/bin/python3 -W ignore:setup.py install is deprecated -W ignore:easy_install command is deprecated setup.py egg_info --egg-base ../../build/simple_py_pkg build --build-base /home/berkay/ros2_ws/build/simple_py_pkg/build install --record /home/berkay/ros2_ws/build/simple_py_pkg/install.log --single-version-externally-managed install_data
[0.599s] running egg_info
[0.599s] writing ../../build/simple_py_pkg/simple_py_pkg.egg-info/PKG-INFO
[0.600s] writing dependency_links to ../../build/simple_py_pkg/simple_py_pkg.egg-info/dependency_links.txt
[0.600s] writing entry points to ../../build/simple_py_pkg/simple_py_pkg.egg-info/entry_points.txt
[0.600s] writing requirements to ../../build/simple_py_pkg/simple_py_pkg.egg-info/requires.txt
[0.600s] writing top-level names to ../../build/simple_py_pkg/simple_py_pkg.egg-info/top_level.txt
[0.601s] reading manifest file '../../build/simple_py_pkg/simple_py_pkg.egg-info/SOURCES.txt'
[0.602s] writing manifest file '../../build/simple_py_pkg/simple_py_pkg.egg-info/SOURCES.txt'
[0.602s] running build
[0.602s] running build_py
[0.602s] running install
[0.602s] running install_lib
[0.603s] running install_data
[0.604s] running install_egg_info
[0.605s] removing '/home/berkay/ros2_ws/install/simple_py_pkg/lib/python3.10/site-packages/simple_py_pkg-0.0.0-py3.10.egg-info' (and everything under it)
[0.605s] Copying ../../build/simple_py_pkg/simple_py_pkg.egg-info to /home/berkay/ros2_ws/install/simple_py_pkg/lib/python3.10/site-packages/simple_py_pkg-0.0.0-py3.10.egg-info
[0.606s] running install_scripts
[0.621s] Installing counter_node script to /home/berkay/ros2_ws/install/simple_py_pkg/lib/simple_py_pkg
[0.621s] Installing py_node script to /home/berkay/ros2_ws/install/simple_py_pkg/lib/simple_py_pkg
[0.621s] Installing talker script to /home/berkay/ros2_ws/install/simple_py_pkg/lib/simple_py_pkg
[0.621s] writing list of installed files to '/home/berkay/ros2_ws/build/simple_py_pkg/install.log'
[0.639s] Invoked command in '/home/berkay/ros2_ws/src/simple_py_pkg' returned '0': PYTHONPATH=/home/berkay/ros2_ws/build/simple_py_pkg/prefix_override:/usr/lib/python3/dist-packages/colcon_core/task/python/colcon_distutils_commands:/home/berkay/ros2_ws/install/simple_py_pkg/lib/python3.10/site-packages:${PYTHONPATH} /usr/bin/python3 -W ignore:setup.py install is deprecated -W ignore:easy_install command is deprecated setup.py egg_info --egg-base ../../build/simple_py_pkg build --build-base /home/berkay/ros2_ws/build/simple_py_pkg/build install --record /home/berkay/ros2_ws/build/simple_py_pkg/install.log --single-version-externally-managed install_data
