[0.455s] Invoking command in '/home/berkay/ros2_ws/build/simple_py_pkg': PYTHONPATH=/home/berkay/ros2_ws/build/simple_py_pkg/prefix_override:/usr/lib/python3/dist-packages/colcon_core/task/python/colcon_distutils_commands:/home/berkay/ros2_ws/install/simple_py_pkg/lib/python3.10/site-packages:${PYTHONPATH} /usr/bin/python3 -W ignore:setup.py install is deprecated -W ignore:easy_install command is deprecated setup.py develop --uninstall --editable --build-directory /home/berkay/ros2_ws/build/simple_py_pkg/build
[0.649s] running develop
[0.768s] Removing /home/berkay/ros2_ws/install/simple_py_pkg/lib/python3.10/site-packages/simple-py-pkg.egg-link (link to .)
[0.790s] Invoked command in '/home/berkay/ros2_ws/build/simple_py_pkg' returned '0': PYTHONPATH=/home/berkay/ros2_ws/build/simple_py_pkg/prefix_override:/usr/lib/python3/dist-packages/colcon_core/task/python/colcon_distutils_commands:/home/berkay/ros2_ws/install/simple_py_pkg/lib/python3.10/site-packages:${PYTHONPATH} /usr/bin/python3 -W ignore:setup.py install is deprecated -W ignore:easy_install command is deprecated setup.py develop --uninstall --editable --build-directory /home/berkay/ros2_ws/build/simple_py_pkg/build
[0.792s] Invoking command in '/home/berkay/ros2_ws/src/simple_py_pkg': PYTHONPATH=/home/berkay/ros2_ws/build/simple_py_pkg/prefix_override:/usr/lib/python3/dist-packages/colcon_core/task/python/colcon_distutils_commands:/home/berkay/ros2_ws/install/simple_py_pkg/lib/python3.10/site-packages:${PYTHONPATH} /usr/bin/python3 -W ignore:setup.py install is deprecated -W ignore:easy_install command is deprecated setup.py egg_info --egg-base ../../build/simple_py_pkg build --build-base /home/berkay/ros2_ws/build/simple_py_pkg/build install --record /home/berkay/ros2_ws/build/simple_py_pkg/install.log --single-version-externally-managed install_data --force
[0.971s] running egg_info
[0.971s] writing ../../build/simple_py_pkg/simple_py_pkg.egg-info/PKG-INFO
[0.971s] writing dependency_links to ../../build/simple_py_pkg/simple_py_pkg.egg-info/dependency_links.txt
[0.971s] writing entry points to ../../build/simple_py_pkg/simple_py_pkg.egg-info/entry_points.txt
[0.972s] writing requirements to ../../build/simple_py_pkg/simple_py_pkg.egg-info/requires.txt
[0.972s] writing top-level names to ../../build/simple_py_pkg/simple_py_pkg.egg-info/top_level.txt
[0.973s] reading manifest file '../../build/simple_py_pkg/simple_py_pkg.egg-info/SOURCES.txt'
[0.973s] writing manifest file '../../build/simple_py_pkg/simple_py_pkg.egg-info/SOURCES.txt'
[0.973s] running build
[0.973s] running build_py
[0.974s] creating /home/berkay/ros2_ws/build/simple_py_pkg/build
[0.974s] creating /home/berkay/ros2_ws/build/simple_py_pkg/build/lib
[0.974s] creating /home/berkay/ros2_ws/build/simple_py_pkg/build/lib/simple_py_pkg
[0.974s] copying simple_py_pkg/__init__.py -> /home/berkay/ros2_ws/build/simple_py_pkg/build/lib/simple_py_pkg
[0.974s] copying simple_py_pkg/talker.py -> /home/berkay/ros2_ws/build/simple_py_pkg/build/lib/simple_py_pkg
[0.974s] running install
[0.974s] running install_lib
[0.975s] creating /home/berkay/ros2_ws/install/simple_py_pkg/lib/python3.10/site-packages/simple_py_pkg
[0.975s] copying /home/berkay/ros2_ws/build/simple_py_pkg/build/lib/simple_py_pkg/__init__.py -> /home/berkay/ros2_ws/install/simple_py_pkg/lib/python3.10/site-packages/simple_py_pkg
[0.975s] copying /home/berkay/ros2_ws/build/simple_py_pkg/build/lib/simple_py_pkg/talker.py -> /home/berkay/ros2_ws/install/simple_py_pkg/lib/python3.10/site-packages/simple_py_pkg
[0.975s] byte-compiling /home/berkay/ros2_ws/install/simple_py_pkg/lib/python3.10/site-packages/simple_py_pkg/__init__.py to __init__.cpython-310.pyc
[0.975s] byte-compiling /home/berkay/ros2_ws/install/simple_py_pkg/lib/python3.10/site-packages/simple_py_pkg/talker.py to talker.cpython-310.pyc
[0.976s] running install_data
[0.976s] copying resource/simple_py_pkg -> /home/berkay/ros2_ws/install/simple_py_pkg/share/ament_index/resource_index/packages
[0.976s] copying package.xml -> /home/berkay/ros2_ws/install/simple_py_pkg/share/simple_py_pkg
[0.976s] running install_egg_info
[0.977s] Copying ../../build/simple_py_pkg/simple_py_pkg.egg-info to /home/berkay/ros2_ws/install/simple_py_pkg/lib/python3.10/site-packages/simple_py_pkg-0.0.0-py3.10.egg-info
[0.978s] running install_scripts
[0.994s] Installing talker script to /home/berkay/ros2_ws/install/simple_py_pkg/lib/simple_py_pkg
[0.994s] writing list of installed files to '/home/berkay/ros2_ws/build/simple_py_pkg/install.log'
[1.011s] Invoked command in '/home/berkay/ros2_ws/src/simple_py_pkg' returned '0': PYTHONPATH=/home/berkay/ros2_ws/build/simple_py_pkg/prefix_override:/usr/lib/python3/dist-packages/colcon_core/task/python/colcon_distutils_commands:/home/berkay/ros2_ws/install/simple_py_pkg/lib/python3.10/site-packages:${PYTHONPATH} /usr/bin/python3 -W ignore:setup.py install is deprecated -W ignore:easy_install command is deprecated setup.py egg_info --egg-base ../../build/simple_py_pkg build --build-base /home/berkay/ros2_ws/build/simple_py_pkg/build install --record /home/berkay/ros2_ws/build/simple_py_pkg/install.log --single-version-externally-managed install_data --force
